<?xml version="1.0" encoding="UTF-8"?>
<testng-results ignored="0" total="1" passed="1" failed="0" skipped="0">
  <reporter-output>
  </reporter-output>
  <suite started-at="2023-07-14T07:18:20 IST" name="Default suite" finished-at="2023-07-14T07:18:38 IST" duration-ms="17918">
    <groups>
    </groups>
    <test started-at="2023-07-14T07:18:20 IST" name="Default test" finished-at="2023-07-14T07:18:38 IST" duration-ms="17918">
      <class name="com.twitter.testcases.LoginPageTest">
        <test-method is-config="true" signature="setup()[pri:0, instance:com.twitter.testcases.LoginPageTest@77888435]" started-at="2023-07-14T07:18:21 IST" name="setup" finished-at="2023-07-14T07:18:30 IST" duration-ms="9531" status="PASS">
          <reporter-output>
          </reporter-output>
        </test-method> <!-- setup -->
        <test-method signature="enterLoginDetails()[pri:0, instance:com.twitter.testcases.LoginPageTest@77888435]" started-at="2023-07-14T07:18:30 IST" name="enterLoginDetails" finished-at="2023-07-14T07:18:38 IST" duration-ms="8313" status="PASS">
          <reporter-output>
          </reporter-output>
        </test-method> <!-- enterLoginDetails -->
      </class> <!-- com.twitter.testcases.LoginPageTest -->
    </test> <!-- Default test -->
  </suite> <!-- Default suite -->
</testng-results>
